[2013-07-26 14:54:44] [ERROR] SchemaValidator:151 - HHH000319: Could not get database metadata
org.postgresql.util.PSQLException: Connection refused. Check that the hostname and port are correct and that the postmaster is accepting TCP/IP connections.
	at org.postgresql.core.v3.ConnectionFactoryImpl.openConnectionImpl(ConnectionFactoryImpl.java:138)
	at org.postgresql.core.ConnectionFactory.openConnection(ConnectionFactory.java:66)
	at org.postgresql.jdbc2.AbstractJdbc2Connection.<init>(AbstractJdbc2Connection.java:125)
	at org.postgresql.jdbc3.AbstractJdbc3Connection.<init>(AbstractJdbc3Connection.java:30)
	at org.postgresql.jdbc3g.AbstractJdbc3gConnection.<init>(AbstractJdbc3gConnection.java:22)
	at org.postgresql.jdbc4.AbstractJdbc4Connection.<init>(AbstractJdbc4Connection.java:32)
	at org.postgresql.jdbc4.Jdbc4Connection.<init>(Jdbc4Connection.java:24)
	at org.postgresql.Driver.makeConnection(Driver.java:393)
	at org.postgresql.Driver.connect(Driver.java:267)
	at org.hibernate.service.jdbc.connections.internal.DriverManagerConnectionProviderImpl.getConnection(DriverManagerConnectionProviderImpl.java:204)
	at org.hibernate.tool.hbm2ddl.SuppliedConnectionProviderConnectionHelper.prepare(SuppliedConnectionProviderConnectionHelper.java:51)
	at org.hibernate.tool.hbm2ddl.SchemaValidator.validate(SchemaValidator.java:146)
	at org.hibernate.internal.SessionFactoryImpl.<init>(SessionFactoryImpl.java:508)
	at org.hibernate.cfg.Configuration.buildSessionFactory(Configuration.java:1769)
	at uk.ac.cam.signups.util.HibernateUtil.configureSessionFactory(HibernateUtil.java:24)
	at uk.ac.cam.signups.util.HibernateUtil.<clinit>(HibernateUtil.java:13)
	at uk.ac.cam.signups.util.HibernateSessionRequestFilter.init(HibernateSessionRequestFilter.java:32)
	at org.eclipse.jetty.servlet.FilterHolder.doStart(FilterHolder.java:97)
	at org.eclipse.jetty.util.component.AbstractLifeCycle.start(AbstractLifeCycle.java:55)
	at org.eclipse.jetty.servlet.ServletHandler.initialize(ServletHandler.java:739)
	at org.eclipse.jetty.servlet.ServletContextHandler.startContext(ServletContextHandler.java:244)
	at org.eclipse.jetty.webapp.WebAppContext.startContext(WebAppContext.java:1132)
	at org.eclipse.jetty.server.handler.ContextHandler.doStart(ContextHandler.java:577)
	at org.eclipse.jetty.webapp.WebAppContext.doStart(WebAppContext.java:491)
	at org.mortbay.jetty.plugin.JettyWebAppContext.doStart(JettyWebAppContext.java:160)
	at org.eclipse.jetty.util.component.AbstractLifeCycle.start(AbstractLifeCycle.java:55)
	at org.eclipse.jetty.server.handler.HandlerCollection$1.run(HandlerCollection.java:200)
	at org.eclipse.jetty.util.thread.QueuedThreadPool$2.run(QueuedThreadPool.java:450)
	at java.lang.Thread.run(Thread.java:680)
Caused by: java.net.ConnectException: Connection refused
	at java.net.PlainSocketImpl.socketConnect(Native Method)
	at java.net.PlainSocketImpl.doConnect(PlainSocketImpl.java:382)
	at java.net.PlainSocketImpl.connectToAddress(PlainSocketImpl.java:241)
	at java.net.PlainSocketImpl.connect(PlainSocketImpl.java:228)
	at java.net.SocksSocketImpl.connect(SocksSocketImpl.java:431)
	at java.net.Socket.connect(Socket.java:527)
	at java.net.Socket.connect(Socket.java:476)
	at java.net.Socket.<init>(Socket.java:373)
	at java.net.Socket.<init>(Socket.java:187)
	at org.postgresql.core.PGStream.<init>(PGStream.java:62)
	at org.postgresql.core.v3.ConnectionFactoryImpl.openConnectionImpl(ConnectionFactoryImpl.java:76)
	... 28 more
[2013-07-26 14:54:44] [ERROR] SchemaValidator:159 - HHH000300: Could not complete schema validation
org.postgresql.util.PSQLException: Connection refused. Check that the hostname and port are correct and that the postmaster is accepting TCP/IP connections.
	at org.postgresql.core.v3.ConnectionFactoryImpl.openConnectionImpl(ConnectionFactoryImpl.java:138)
	at org.postgresql.core.ConnectionFactory.openConnection(ConnectionFactory.java:66)
	at org.postgresql.jdbc2.AbstractJdbc2Connection.<init>(AbstractJdbc2Connection.java:125)
	at org.postgresql.jdbc3.AbstractJdbc3Connection.<init>(AbstractJdbc3Connection.java:30)
	at org.postgresql.jdbc3g.AbstractJdbc3gConnection.<init>(AbstractJdbc3gConnection.java:22)
	at org.postgresql.jdbc4.AbstractJdbc4Connection.<init>(AbstractJdbc4Connection.java:32)
	at org.postgresql.jdbc4.Jdbc4Connection.<init>(Jdbc4Connection.java:24)
	at org.postgresql.Driver.makeConnection(Driver.java:393)
	at org.postgresql.Driver.connect(Driver.java:267)
	at org.hibernate.service.jdbc.connections.internal.DriverManagerConnectionProviderImpl.getConnection(DriverManagerConnectionProviderImpl.java:204)
	at org.hibernate.tool.hbm2ddl.SuppliedConnectionProviderConnectionHelper.prepare(SuppliedConnectionProviderConnectionHelper.java:51)
	at org.hibernate.tool.hbm2ddl.SchemaValidator.validate(SchemaValidator.java:146)
	at org.hibernate.internal.SessionFactoryImpl.<init>(SessionFactoryImpl.java:508)
	at org.hibernate.cfg.Configuration.buildSessionFactory(Configuration.java:1769)
	at uk.ac.cam.signups.util.HibernateUtil.configureSessionFactory(HibernateUtil.java:24)
	at uk.ac.cam.signups.util.HibernateUtil.<clinit>(HibernateUtil.java:13)
	at uk.ac.cam.signups.util.HibernateSessionRequestFilter.init(HibernateSessionRequestFilter.java:32)
	at org.eclipse.jetty.servlet.FilterHolder.doStart(FilterHolder.java:97)
	at org.eclipse.jetty.util.component.AbstractLifeCycle.start(AbstractLifeCycle.java:55)
	at org.eclipse.jetty.servlet.ServletHandler.initialize(ServletHandler.java:739)
	at org.eclipse.jetty.servlet.ServletContextHandler.startContext(ServletContextHandler.java:244)
	at org.eclipse.jetty.webapp.WebAppContext.startContext(WebAppContext.java:1132)
	at org.eclipse.jetty.server.handler.ContextHandler.doStart(ContextHandler.java:577)
	at org.eclipse.jetty.webapp.WebAppContext.doStart(WebAppContext.java:491)
	at org.mortbay.jetty.plugin.JettyWebAppContext.doStart(JettyWebAppContext.java:160)
	at org.eclipse.jetty.util.component.AbstractLifeCycle.start(AbstractLifeCycle.java:55)
	at org.eclipse.jetty.server.handler.HandlerCollection$1.run(HandlerCollection.java:200)
	at org.eclipse.jetty.util.thread.QueuedThreadPool$2.run(QueuedThreadPool.java:450)
	at java.lang.Thread.run(Thread.java:680)
Caused by: java.net.ConnectException: Connection refused
	at java.net.PlainSocketImpl.socketConnect(Native Method)
	at java.net.PlainSocketImpl.doConnect(PlainSocketImpl.java:382)
	at java.net.PlainSocketImpl.connectToAddress(PlainSocketImpl.java:241)
	at java.net.PlainSocketImpl.connect(PlainSocketImpl.java:228)
	at java.net.SocksSocketImpl.connect(SocksSocketImpl.java:431)
	at java.net.Socket.connect(Socket.java:527)
	at java.net.Socket.connect(Socket.java:476)
	at java.net.Socket.<init>(Socket.java:373)
	at java.net.Socket.<init>(Socket.java:187)
	at org.postgresql.core.PGStream.<init>(PGStream.java:62)
	at org.postgresql.core.v3.ConnectionFactoryImpl.openConnectionImpl(ConnectionFactoryImpl.java:76)
	... 28 more
[2013-07-26 14:55:50] [ERROR] SqlExceptionHelper:147 - Connection refused. Check that the hostname and port are correct and that the postmaster is accepting TCP/IP connections.
[2013-07-26 14:56:56] [ERROR] SchemaValidator:151 - HHH000319: Could not get database metadata
org.postgresql.util.PSQLException: Connection refused. Check that the hostname and port are correct and that the postmaster is accepting TCP/IP connections.
	at org.postgresql.core.v3.ConnectionFactoryImpl.openConnectionImpl(ConnectionFactoryImpl.java:138)
	at org.postgresql.core.ConnectionFactory.openConnection(ConnectionFactory.java:66)
	at org.postgresql.jdbc2.AbstractJdbc2Connection.<init>(AbstractJdbc2Connection.java:125)
	at org.postgresql.jdbc3.AbstractJdbc3Connection.<init>(AbstractJdbc3Connection.java:30)
	at org.postgresql.jdbc3g.AbstractJdbc3gConnection.<init>(AbstractJdbc3gConnection.java:22)
	at org.postgresql.jdbc4.AbstractJdbc4Connection.<init>(AbstractJdbc4Connection.java:32)
	at org.postgresql.jdbc4.Jdbc4Connection.<init>(Jdbc4Connection.java:24)
	at org.postgresql.Driver.makeConnection(Driver.java:393)
	at org.postgresql.Driver.connect(Driver.java:267)
	at org.hibernate.service.jdbc.connections.internal.DriverManagerConnectionProviderImpl.getConnection(DriverManagerConnectionProviderImpl.java:204)
	at org.hibernate.tool.hbm2ddl.SuppliedConnectionProviderConnectionHelper.prepare(SuppliedConnectionProviderConnectionHelper.java:51)
	at org.hibernate.tool.hbm2ddl.SchemaValidator.validate(SchemaValidator.java:146)
	at org.hibernate.internal.SessionFactoryImpl.<init>(SessionFactoryImpl.java:508)
	at org.hibernate.cfg.Configuration.buildSessionFactory(Configuration.java:1769)
	at uk.ac.cam.signups.util.HibernateUtil.configureSessionFactory(HibernateUtil.java:24)
	at uk.ac.cam.signups.util.HibernateUtil.<clinit>(HibernateUtil.java:13)
	at uk.ac.cam.signups.util.HibernateSessionRequestFilter.init(HibernateSessionRequestFilter.java:32)
	at org.eclipse.jetty.servlet.FilterHolder.doStart(FilterHolder.java:97)
	at org.eclipse.jetty.util.component.AbstractLifeCycle.start(AbstractLifeCycle.java:55)
	at org.eclipse.jetty.servlet.ServletHandler.initialize(ServletHandler.java:739)
	at org.eclipse.jetty.servlet.ServletContextHandler.startContext(ServletContextHandler.java:244)
	at org.eclipse.jetty.webapp.WebAppContext.startContext(WebAppContext.java:1132)
	at org.eclipse.jetty.server.handler.ContextHandler.doStart(ContextHandler.java:577)
	at org.eclipse.jetty.webapp.WebAppContext.doStart(WebAppContext.java:491)
	at org.mortbay.jetty.plugin.JettyWebAppContext.doStart(JettyWebAppContext.java:160)
	at org.eclipse.jetty.util.component.AbstractLifeCycle.start(AbstractLifeCycle.java:55)
	at org.eclipse.jetty.server.handler.HandlerCollection$1.run(HandlerCollection.java:200)
	at org.eclipse.jetty.util.thread.QueuedThreadPool$2.run(QueuedThreadPool.java:450)
	at java.lang.Thread.run(Thread.java:680)
Caused by: java.net.ConnectException: Connection refused
	at java.net.PlainSocketImpl.socketConnect(Native Method)
	at java.net.PlainSocketImpl.doConnect(PlainSocketImpl.java:382)
	at java.net.PlainSocketImpl.connectToAddress(PlainSocketImpl.java:241)
	at java.net.PlainSocketImpl.connect(PlainSocketImpl.java:228)
	at java.net.SocksSocketImpl.connect(SocksSocketImpl.java:431)
	at java.net.Socket.connect(Socket.java:527)
	at java.net.Socket.connect(Socket.java:476)
	at java.net.Socket.<init>(Socket.java:373)
	at java.net.Socket.<init>(Socket.java:187)
	at org.postgresql.core.PGStream.<init>(PGStream.java:62)
	at org.postgresql.core.v3.ConnectionFactoryImpl.openConnectionImpl(ConnectionFactoryImpl.java:76)
	... 28 more
[2013-07-26 14:56:56] [ERROR] SchemaValidator:159 - HHH000300: Could not complete schema validation
org.postgresql.util.PSQLException: Connection refused. Check that the hostname and port are correct and that the postmaster is accepting TCP/IP connections.
	at org.postgresql.core.v3.ConnectionFactoryImpl.openConnectionImpl(ConnectionFactoryImpl.java:138)
	at org.postgresql.core.ConnectionFactory.openConnection(ConnectionFactory.java:66)
	at org.postgresql.jdbc2.AbstractJdbc2Connection.<init>(AbstractJdbc2Connection.java:125)
	at org.postgresql.jdbc3.AbstractJdbc3Connection.<init>(AbstractJdbc3Connection.java:30)
	at org.postgresql.jdbc3g.AbstractJdbc3gConnection.<init>(AbstractJdbc3gConnection.java:22)
	at org.postgresql.jdbc4.AbstractJdbc4Connection.<init>(AbstractJdbc4Connection.java:32)
	at org.postgresql.jdbc4.Jdbc4Connection.<init>(Jdbc4Connection.java:24)
	at org.postgresql.Driver.makeConnection(Driver.java:393)
	at org.postgresql.Driver.connect(Driver.java:267)
	at org.hibernate.service.jdbc.connections.internal.DriverManagerConnectionProviderImpl.getConnection(DriverManagerConnectionProviderImpl.java:204)
	at org.hibernate.tool.hbm2ddl.SuppliedConnectionProviderConnectionHelper.prepare(SuppliedConnectionProviderConnectionHelper.java:51)
	at org.hibernate.tool.hbm2ddl.SchemaValidator.validate(SchemaValidator.java:146)
	at org.hibernate.internal.SessionFactoryImpl.<init>(SessionFactoryImpl.java:508)
	at org.hibernate.cfg.Configuration.buildSessionFactory(Configuration.java:1769)
	at uk.ac.cam.signups.util.HibernateUtil.configureSessionFactory(HibernateUtil.java:24)
	at uk.ac.cam.signups.util.HibernateUtil.<clinit>(HibernateUtil.java:13)
	at uk.ac.cam.signups.util.HibernateSessionRequestFilter.init(HibernateSessionRequestFilter.java:32)
	at org.eclipse.jetty.servlet.FilterHolder.doStart(FilterHolder.java:97)
	at org.eclipse.jetty.util.component.AbstractLifeCycle.start(AbstractLifeCycle.java:55)
	at org.eclipse.jetty.servlet.ServletHandler.initialize(ServletHandler.java:739)
	at org.eclipse.jetty.servlet.ServletContextHandler.startContext(ServletContextHandler.java:244)
	at org.eclipse.jetty.webapp.WebAppContext.startContext(WebAppContext.java:1132)
	at org.eclipse.jetty.server.handler.ContextHandler.doStart(ContextHandler.java:577)
	at org.eclipse.jetty.webapp.WebAppContext.doStart(WebAppContext.java:491)
	at org.mortbay.jetty.plugin.JettyWebAppContext.doStart(JettyWebAppContext.java:160)
	at org.eclipse.jetty.util.component.AbstractLifeCycle.start(AbstractLifeCycle.java:55)
	at org.eclipse.jetty.server.handler.HandlerCollection$1.run(HandlerCollection.java:200)
	at org.eclipse.jetty.util.thread.QueuedThreadPool$2.run(QueuedThreadPool.java:450)
	at java.lang.Thread.run(Thread.java:680)
Caused by: java.net.ConnectException: Connection refused
	at java.net.PlainSocketImpl.socketConnect(Native Method)
	at java.net.PlainSocketImpl.doConnect(PlainSocketImpl.java:382)
	at java.net.PlainSocketImpl.connectToAddress(PlainSocketImpl.java:241)
	at java.net.PlainSocketImpl.connect(PlainSocketImpl.java:228)
	at java.net.SocksSocketImpl.connect(SocksSocketImpl.java:431)
	at java.net.Socket.connect(Socket.java:527)
	at java.net.Socket.connect(Socket.java:476)
	at java.net.Socket.<init>(Socket.java:373)
	at java.net.Socket.<init>(Socket.java:187)
	at org.postgresql.core.PGStream.<init>(PGStream.java:62)
	at org.postgresql.core.v3.ConnectionFactoryImpl.openConnectionImpl(ConnectionFactoryImpl.java:76)
	... 28 more
[2013-07-26 15:28:16] [ERROR] SchemaExport:425 - HHH000389: Unsuccessful: alter table DEADLINES drop constraint FK_eragle998krxx9ccjoca51fl
[2013-07-26 15:28:16] [ERROR] SchemaExport:426 - ERROR: relation "deadlines" does not exist
[2013-07-26 15:28:16] [ERROR] SchemaExport:425 - HHH000389: Unsuccessful: alter table DEADLINES_USERS drop constraint FK_ryju7evqvsley6csf6ipbb4ie
[2013-07-26 15:28:16] [ERROR] SchemaExport:426 - ERROR: relation "deadlines_users" does not exist
[2013-07-26 15:28:16] [ERROR] SchemaExport:425 - HHH000389: Unsuccessful: alter table DEADLINES_USERS drop constraint FK_mo5vr7gv19nim5kjrkemw18te
[2013-07-26 15:28:16] [ERROR] SchemaExport:426 - ERROR: relation "deadlines_users" does not exist
[2013-07-26 15:28:16] [ERROR] SchemaExport:425 - HHH000389: Unsuccessful: alter table GROUPS drop constraint FK_4f4t4wsxktk0x28kg5bn612uq
[2013-07-26 15:28:16] [ERROR] SchemaExport:426 - ERROR: relation "groups" does not exist
[2013-07-26 15:28:16] [ERROR] SchemaExport:425 - HHH000389: Unsuccessful: alter table GROUPS_USERS drop constraint FK_oo46tfe9opu8112mgbh8f1dec
[2013-07-26 15:28:16] [ERROR] SchemaExport:426 - ERROR: relation "groups_users" does not exist
[2013-07-26 15:28:16] [ERROR] SchemaExport:425 - HHH000389: Unsuccessful: alter table GROUPS_USERS drop constraint FK_1srwmnguoiq8074iw6kis62kw
[2013-07-26 15:28:16] [ERROR] SchemaExport:426 - ERROR: relation "groups_users" does not exist
[2013-07-29 11:50:00] [ERROR] SchemaExport:425 - HHH000389: Unsuccessful: alter table NOTIFICATIONS_USERS drop constraint FK_1ncj942c4342ldmj88evvct5o
[2013-07-29 11:50:00] [ERROR] SchemaExport:426 - ERROR: relation "notifications_users" does not exist
[2013-07-29 11:50:00] [ERROR] SchemaExport:425 - HHH000389: Unsuccessful: alter table NOTIFICATIONS_USERS drop constraint FK_pch6f86u6csrxtpvdob9mlo7y
[2013-07-29 11:50:00] [ERROR] SchemaExport:426 - ERROR: relation "notifications_users" does not exist
[2013-07-29 13:04:34] [ERROR] SchemaValidator:151 - HHH000319: Could not get database metadata
org.postgresql.util.PSQLException: Connection refused. Check that the hostname and port are correct and that the postmaster is accepting TCP/IP connections.
	at org.postgresql.core.v3.ConnectionFactoryImpl.openConnectionImpl(ConnectionFactoryImpl.java:138)
	at org.postgresql.core.ConnectionFactory.openConnection(ConnectionFactory.java:66)
	at org.postgresql.jdbc2.AbstractJdbc2Connection.<init>(AbstractJdbc2Connection.java:125)
	at org.postgresql.jdbc3.AbstractJdbc3Connection.<init>(AbstractJdbc3Connection.java:30)
	at org.postgresql.jdbc3g.AbstractJdbc3gConnection.<init>(AbstractJdbc3gConnection.java:22)
	at org.postgresql.jdbc4.AbstractJdbc4Connection.<init>(AbstractJdbc4Connection.java:32)
	at org.postgresql.jdbc4.Jdbc4Connection.<init>(Jdbc4Connection.java:24)
	at org.postgresql.Driver.makeConnection(Driver.java:393)
	at org.postgresql.Driver.connect(Driver.java:267)
	at org.hibernate.service.jdbc.connections.internal.DriverManagerConnectionProviderImpl.getConnection(DriverManagerConnectionProviderImpl.java:204)
	at org.hibernate.tool.hbm2ddl.SuppliedConnectionProviderConnectionHelper.prepare(SuppliedConnectionProviderConnectionHelper.java:51)
	at org.hibernate.tool.hbm2ddl.SchemaValidator.validate(SchemaValidator.java:146)
	at org.hibernate.internal.SessionFactoryImpl.<init>(SessionFactoryImpl.java:508)
	at org.hibernate.cfg.Configuration.buildSessionFactory(Configuration.java:1769)
	at uk.ac.cam.dashboard.util.HibernateUtil.configureSessionFactory(HibernateUtil.java:24)
	at uk.ac.cam.dashboard.util.HibernateUtil.<clinit>(HibernateUtil.java:13)
	at uk.ac.cam.dashboard.util.HibernateSessionRequestFilter.init(HibernateSessionRequestFilter.java:32)
	at org.eclipse.jetty.servlet.FilterHolder.doStart(FilterHolder.java:97)
	at org.eclipse.jetty.util.component.AbstractLifeCycle.start(AbstractLifeCycle.java:55)
	at org.eclipse.jetty.servlet.ServletHandler.initialize(ServletHandler.java:739)
	at org.eclipse.jetty.servlet.ServletContextHandler.startContext(ServletContextHandler.java:244)
	at org.eclipse.jetty.webapp.WebAppContext.startContext(WebAppContext.java:1132)
	at org.eclipse.jetty.server.handler.ContextHandler.doStart(ContextHandler.java:577)
	at org.eclipse.jetty.webapp.WebAppContext.doStart(WebAppContext.java:491)
	at org.mortbay.jetty.plugin.JettyWebAppContext.doStart(JettyWebAppContext.java:160)
	at org.eclipse.jetty.util.component.AbstractLifeCycle.start(AbstractLifeCycle.java:55)
	at org.eclipse.jetty.server.handler.HandlerCollection$1.run(HandlerCollection.java:200)
	at org.eclipse.jetty.util.thread.QueuedThreadPool$2.run(QueuedThreadPool.java:450)
	at java.lang.Thread.run(Thread.java:680)
Caused by: java.net.ConnectException: Connection refused
	at java.net.PlainSocketImpl.socketConnect(Native Method)
	at java.net.PlainSocketImpl.doConnect(PlainSocketImpl.java:382)
	at java.net.PlainSocketImpl.connectToAddress(PlainSocketImpl.java:241)
	at java.net.PlainSocketImpl.connect(PlainSocketImpl.java:228)
	at java.net.SocksSocketImpl.connect(SocksSocketImpl.java:431)
	at java.net.Socket.connect(Socket.java:527)
	at java.net.Socket.connect(Socket.java:476)
	at java.net.Socket.<init>(Socket.java:373)
	at java.net.Socket.<init>(Socket.java:187)
	at org.postgresql.core.PGStream.<init>(PGStream.java:62)
	at org.postgresql.core.v3.ConnectionFactoryImpl.openConnectionImpl(ConnectionFactoryImpl.java:76)
	... 28 more
[2013-07-29 13:04:34] [ERROR] SchemaValidator:159 - HHH000300: Could not complete schema validation
org.postgresql.util.PSQLException: Connection refused. Check that the hostname and port are correct and that the postmaster is accepting TCP/IP connections.
	at org.postgresql.core.v3.ConnectionFactoryImpl.openConnectionImpl(ConnectionFactoryImpl.java:138)
	at org.postgresql.core.ConnectionFactory.openConnection(ConnectionFactory.java:66)
	at org.postgresql.jdbc2.AbstractJdbc2Connection.<init>(AbstractJdbc2Connection.java:125)
	at org.postgresql.jdbc3.AbstractJdbc3Connection.<init>(AbstractJdbc3Connection.java:30)
	at org.postgresql.jdbc3g.AbstractJdbc3gConnection.<init>(AbstractJdbc3gConnection.java:22)
	at org.postgresql.jdbc4.AbstractJdbc4Connection.<init>(AbstractJdbc4Connection.java:32)
	at org.postgresql.jdbc4.Jdbc4Connection.<init>(Jdbc4Connection.java:24)
	at org.postgresql.Driver.makeConnection(Driver.java:393)
	at org.postgresql.Driver.connect(Driver.java:267)
	at org.hibernate.service.jdbc.connections.internal.DriverManagerConnectionProviderImpl.getConnection(DriverManagerConnectionProviderImpl.java:204)
	at org.hibernate.tool.hbm2ddl.SuppliedConnectionProviderConnectionHelper.prepare(SuppliedConnectionProviderConnectionHelper.java:51)
	at org.hibernate.tool.hbm2ddl.SchemaValidator.validate(SchemaValidator.java:146)
	at org.hibernate.internal.SessionFactoryImpl.<init>(SessionFactoryImpl.java:508)
	at org.hibernate.cfg.Configuration.buildSessionFactory(Configuration.java:1769)
	at uk.ac.cam.dashboard.util.HibernateUtil.configureSessionFactory(HibernateUtil.java:24)
	at uk.ac.cam.dashboard.util.HibernateUtil.<clinit>(HibernateUtil.java:13)
	at uk.ac.cam.dashboard.util.HibernateSessionRequestFilter.init(HibernateSessionRequestFilter.java:32)
	at org.eclipse.jetty.servlet.FilterHolder.doStart(FilterHolder.java:97)
	at org.eclipse.jetty.util.component.AbstractLifeCycle.start(AbstractLifeCycle.java:55)
	at org.eclipse.jetty.servlet.ServletHandler.initialize(ServletHandler.java:739)
	at org.eclipse.jetty.servlet.ServletContextHandler.startContext(ServletContextHandler.java:244)
	at org.eclipse.jetty.webapp.WebAppContext.startContext(WebAppContext.java:1132)
	at org.eclipse.jetty.server.handler.ContextHandler.doStart(ContextHandler.java:577)
	at org.eclipse.jetty.webapp.WebAppContext.doStart(WebAppContext.java:491)
	at org.mortbay.jetty.plugin.JettyWebAppContext.doStart(JettyWebAppContext.java:160)
	at org.eclipse.jetty.util.component.AbstractLifeCycle.start(AbstractLifeCycle.java:55)
	at org.eclipse.jetty.server.handler.HandlerCollection$1.run(HandlerCollection.java:200)
	at org.eclipse.jetty.util.thread.QueuedThreadPool$2.run(QueuedThreadPool.java:450)
	at java.lang.Thread.run(Thread.java:680)
Caused by: java.net.ConnectException: Connection refused
	at java.net.PlainSocketImpl.socketConnect(Native Method)
	at java.net.PlainSocketImpl.doConnect(PlainSocketImpl.java:382)
	at java.net.PlainSocketImpl.connectToAddress(PlainSocketImpl.java:241)
	at java.net.PlainSocketImpl.connect(PlainSocketImpl.java:228)
	at java.net.SocksSocketImpl.connect(SocksSocketImpl.java:431)
	at java.net.Socket.connect(Socket.java:527)
	at java.net.Socket.connect(Socket.java:476)
	at java.net.Socket.<init>(Socket.java:373)
	at java.net.Socket.<init>(Socket.java:187)
	at org.postgresql.core.PGStream.<init>(PGStream.java:62)
	at org.postgresql.core.v3.ConnectionFactoryImpl.openConnectionImpl(ConnectionFactoryImpl.java:76)
	... 28 more
[2013-07-29 13:04:38] [ERROR] SqlExceptionHelper:147 - Connection refused. Check that the hostname and port are correct and that the postmaster is accepting TCP/IP connections.
[2013-07-29 13:04:47] [ERROR] SqlExceptionHelper:147 - Connection refused. Check that the hostname and port are correct and that the postmaster is accepting TCP/IP connections.
[2013-07-29 13:04:52] [ERROR] SqlExceptionHelper:147 - Connection refused. Check that the hostname and port are correct and that the postmaster is accepting TCP/IP connections.
[2013-07-29 13:07:29] [ERROR] SqlExceptionHelper:147 - Connection refused. Check that the hostname and port are correct and that the postmaster is accepting TCP/IP connections.
[2013-07-29 13:12:36] [ERROR] SchemaValidator:151 - HHH000319: Could not get database metadata
org.postgresql.util.PSQLException: Connection refused. Check that the hostname and port are correct and that the postmaster is accepting TCP/IP connections.
	at org.postgresql.core.v3.ConnectionFactoryImpl.openConnectionImpl(ConnectionFactoryImpl.java:138)
	at org.postgresql.core.ConnectionFactory.openConnection(ConnectionFactory.java:66)
	at org.postgresql.jdbc2.AbstractJdbc2Connection.<init>(AbstractJdbc2Connection.java:125)
	at org.postgresql.jdbc3.AbstractJdbc3Connection.<init>(AbstractJdbc3Connection.java:30)
	at org.postgresql.jdbc3g.AbstractJdbc3gConnection.<init>(AbstractJdbc3gConnection.java:22)
	at org.postgresql.jdbc4.AbstractJdbc4Connection.<init>(AbstractJdbc4Connection.java:32)
	at org.postgresql.jdbc4.Jdbc4Connection.<init>(Jdbc4Connection.java:24)
	at org.postgresql.Driver.makeConnection(Driver.java:393)
	at org.postgresql.Driver.connect(Driver.java:267)
	at org.hibernate.service.jdbc.connections.internal.DriverManagerConnectionProviderImpl.getConnection(DriverManagerConnectionProviderImpl.java:204)
	at org.hibernate.tool.hbm2ddl.SuppliedConnectionProviderConnectionHelper.prepare(SuppliedConnectionProviderConnectionHelper.java:51)
	at org.hibernate.tool.hbm2ddl.SchemaValidator.validate(SchemaValidator.java:146)
	at org.hibernate.internal.SessionFactoryImpl.<init>(SessionFactoryImpl.java:508)
	at org.hibernate.cfg.Configuration.buildSessionFactory(Configuration.java:1769)
	at uk.ac.cam.dashboard.util.HibernateUtil.configureSessionFactory(HibernateUtil.java:24)
	at uk.ac.cam.dashboard.util.HibernateUtil.<clinit>(HibernateUtil.java:13)
	at uk.ac.cam.dashboard.util.HibernateSessionRequestFilter.init(HibernateSessionRequestFilter.java:32)
	at org.eclipse.jetty.servlet.FilterHolder.doStart(FilterHolder.java:97)
	at org.eclipse.jetty.util.component.AbstractLifeCycle.start(AbstractLifeCycle.java:55)
	at org.eclipse.jetty.servlet.ServletHandler.initialize(ServletHandler.java:739)
	at org.eclipse.jetty.servlet.ServletContextHandler.startContext(ServletContextHandler.java:244)
	at org.eclipse.jetty.webapp.WebAppContext.startContext(WebAppContext.java:1132)
	at org.eclipse.jetty.server.handler.ContextHandler.doStart(ContextHandler.java:577)
	at org.eclipse.jetty.webapp.WebAppContext.doStart(WebAppContext.java:491)
	at org.mortbay.jetty.plugin.JettyWebAppContext.doStart(JettyWebAppContext.java:160)
	at org.eclipse.jetty.util.component.AbstractLifeCycle.start(AbstractLifeCycle.java:55)
	at org.eclipse.jetty.server.handler.HandlerCollection$1.run(HandlerCollection.java:200)
	at org.eclipse.jetty.util.thread.QueuedThreadPool$2.run(QueuedThreadPool.java:450)
	at java.lang.Thread.run(Thread.java:680)
Caused by: java.net.ConnectException: Connection refused
	at java.net.PlainSocketImpl.socketConnect(Native Method)
	at java.net.PlainSocketImpl.doConnect(PlainSocketImpl.java:382)
	at java.net.PlainSocketImpl.connectToAddress(PlainSocketImpl.java:241)
	at java.net.PlainSocketImpl.connect(PlainSocketImpl.java:228)
	at java.net.SocksSocketImpl.connect(SocksSocketImpl.java:431)
	at java.net.Socket.connect(Socket.java:527)
	at java.net.Socket.connect(Socket.java:476)
	at java.net.Socket.<init>(Socket.java:373)
	at java.net.Socket.<init>(Socket.java:187)
	at org.postgresql.core.PGStream.<init>(PGStream.java:62)
	at org.postgresql.core.v3.ConnectionFactoryImpl.openConnectionImpl(ConnectionFactoryImpl.java:76)
	... 28 more
[2013-07-29 13:12:36] [ERROR] SchemaValidator:159 - HHH000300: Could not complete schema validation
org.postgresql.util.PSQLException: Connection refused. Check that the hostname and port are correct and that the postmaster is accepting TCP/IP connections.
	at org.postgresql.core.v3.ConnectionFactoryImpl.openConnectionImpl(ConnectionFactoryImpl.java:138)
	at org.postgresql.core.ConnectionFactory.openConnection(ConnectionFactory.java:66)
	at org.postgresql.jdbc2.AbstractJdbc2Connection.<init>(AbstractJdbc2Connection.java:125)
	at org.postgresql.jdbc3.AbstractJdbc3Connection.<init>(AbstractJdbc3Connection.java:30)
	at org.postgresql.jdbc3g.AbstractJdbc3gConnection.<init>(AbstractJdbc3gConnection.java:22)
	at org.postgresql.jdbc4.AbstractJdbc4Connection.<init>(AbstractJdbc4Connection.java:32)
	at org.postgresql.jdbc4.Jdbc4Connection.<init>(Jdbc4Connection.java:24)
	at org.postgresql.Driver.makeConnection(Driver.java:393)
	at org.postgresql.Driver.connect(Driver.java:267)
	at org.hibernate.service.jdbc.connections.internal.DriverManagerConnectionProviderImpl.getConnection(DriverManagerConnectionProviderImpl.java:204)
	at org.hibernate.tool.hbm2ddl.SuppliedConnectionProviderConnectionHelper.prepare(SuppliedConnectionProviderConnectionHelper.java:51)
	at org.hibernate.tool.hbm2ddl.SchemaValidator.validate(SchemaValidator.java:146)
	at org.hibernate.internal.SessionFactoryImpl.<init>(SessionFactoryImpl.java:508)
	at org.hibernate.cfg.Configuration.buildSessionFactory(Configuration.java:1769)
	at uk.ac.cam.dashboard.util.HibernateUtil.configureSessionFactory(HibernateUtil.java:24)
	at uk.ac.cam.dashboard.util.HibernateUtil.<clinit>(HibernateUtil.java:13)
	at uk.ac.cam.dashboard.util.HibernateSessionRequestFilter.init(HibernateSessionRequestFilter.java:32)
	at org.eclipse.jetty.servlet.FilterHolder.doStart(FilterHolder.java:97)
	at org.eclipse.jetty.util.component.AbstractLifeCycle.start(AbstractLifeCycle.java:55)
	at org.eclipse.jetty.servlet.ServletHandler.initialize(ServletHandler.java:739)
	at org.eclipse.jetty.servlet.ServletContextHandler.startContext(ServletContextHandler.java:244)
	at org.eclipse.jetty.webapp.WebAppContext.startContext(WebAppContext.java:1132)
	at org.eclipse.jetty.server.handler.ContextHandler.doStart(ContextHandler.java:577)
	at org.eclipse.jetty.webapp.WebAppContext.doStart(WebAppContext.java:491)
	at org.mortbay.jetty.plugin.JettyWebAppContext.doStart(JettyWebAppContext.java:160)
	at org.eclipse.jetty.util.component.AbstractLifeCycle.start(AbstractLifeCycle.java:55)
	at org.eclipse.jetty.server.handler.HandlerCollection$1.run(HandlerCollection.java:200)
	at org.eclipse.jetty.util.thread.QueuedThreadPool$2.run(QueuedThreadPool.java:450)
	at java.lang.Thread.run(Thread.java:680)
Caused by: java.net.ConnectException: Connection refused
	at java.net.PlainSocketImpl.socketConnect(Native Method)
	at java.net.PlainSocketImpl.doConnect(PlainSocketImpl.java:382)
	at java.net.PlainSocketImpl.connectToAddress(PlainSocketImpl.java:241)
	at java.net.PlainSocketImpl.connect(PlainSocketImpl.java:228)
	at java.net.SocksSocketImpl.connect(SocksSocketImpl.java:431)
	at java.net.Socket.connect(Socket.java:527)
	at java.net.Socket.connect(Socket.java:476)
	at java.net.Socket.<init>(Socket.java:373)
	at java.net.Socket.<init>(Socket.java:187)
	at org.postgresql.core.PGStream.<init>(PGStream.java:62)
	at org.postgresql.core.v3.ConnectionFactoryImpl.openConnectionImpl(ConnectionFactoryImpl.java:76)
	... 28 more
[2013-07-29 13:12:47] [ERROR] SqlExceptionHelper:147 - Connection refused. Check that the hostname and port are correct and that the postmaster is accepting TCP/IP connections.
[2013-07-29 13:12:55] [ERROR] SqlExceptionHelper:147 - Connection refused. Check that the hostname and port are correct and that the postmaster is accepting TCP/IP connections.
[2013-07-29 13:12:58] [ERROR] SqlExceptionHelper:147 - Connection refused. Check that the hostname and port are correct and that the postmaster is accepting TCP/IP connections.
[2013-07-29 13:14:08] [ERROR] SqlExceptionHelper:147 - Connection refused. Check that the hostname and port are correct and that the postmaster is accepting TCP/IP connections.
